  control.c
D:\RenesasCup2017\Chip\inc\common.h(402): fatal error C1083: 无法打开包括文件: “stdio.h”: No such file or directory
  direction.c
D:\RenesasCup2017\Chip\inc\common.h(402): fatal error C1083: 无法打开包括文件: “stdio.h”: No such file or directory
  flashload.c
D:\RenesasCup2017\Chip\inc\common.h(402): fatal error C1083: 无法打开包括文件: “stdio.h”: No such file or directory
  Fuzzy_control.c
D:\RenesasCup2017\Chip\inc\common.h(402): fatal error C1083: 无法打开包括文件: “stdio.h”: No such file or directory
  image_deal_new.c
D:\RenesasCup2017\Chip\inc\common.h(402): fatal error C1083: 无法打开包括文件: “stdio.h”: No such file or directory
  main.c
D:\RenesasCup2017\Chip\inc\common.h(402): fatal error C1083: 无法打开包括文件: “stdio.h”: No such file or directory
  MK60_conf.c
D:\RenesasCup2017\Chip\inc\common.h(402): fatal error C1083: 无法打开包括文件: “stdio.h”: No such file or directory
  MK60_it.c
  motor_control.c
D:\RenesasCup2017\Chip\inc\common.h(402): fatal error C1083: 无法打开包括文件: “stdio.h”: No such file or directory
  parameter.c
D:\RenesasCup2017\Chip\inc\common.h(402): fatal error C1083: 无法打开包括文件: “stdio.h”: No such file or directory
  sensor.c
D:\RenesasCup2017\Chip\inc\common.h(402): fatal error C1083: 无法打开包括文件: “stdio.h”: No such file or directory
  speed.c
D:\RenesasCup2017\Chip\inc\common.h(402): fatal error C1083: 无法打开包括文件: “stdio.h”: No such file or directory
  IMU_IIC.c
D:\RenesasCup2017\Chip\inc\common.h(402): fatal error C1083: 无法打开包括文件: “stdio.h”: No such file or directory
  MMA8451.c
D:\RenesasCup2017\Chip\inc\common.h(402): fatal error C1083: 无法打开包括文件: “stdio.h”: No such file or directory
  MPU3050.c
D:\RenesasCup2017\Chip\inc\common.h(402): fatal error C1083: 无法打开包括文件: “stdio.h”: No such file or directory
  OLED.c
D:\RenesasCup2017\Chip\inc\common.h(402): fatal error C1083: 无法打开包括文件: “stdio.h”: No such file or directory
  sdcard.c
D:\RenesasCup2017\Chip\inc\common.h(402): fatal error C1083: 无法打开包括文件: “stdio.h”: No such file or directory
  VCAN_camera.c
D:\RenesasCup2017\Chip\inc\common.h(402): fatal error C1083: 无法打开包括文件: “stdio.h”: No such file or directory
  VCAN_computer.c
D:\RenesasCup2017\Chip\inc\common.h(402): fatal error C1083: 无法打开包括文件: “stdio.h”: No such file or directory
  vcan_img2sd.c
D:\RenesasCup2017\Chip\inc\common.h(402): fatal error C1083: 无法打开包括文件: “stdio.h”: No such file or directory
  正在生成代码...
  正在编译...
  VCAN_key.c
D:\RenesasCup2017\Chip\inc\common.h(402): fatal error C1083: 无法打开包括文件: “stdio.h”: No such file or directory
  VCAN_OV7725_Eagle.c
D:\RenesasCup2017\Chip\inc\common.h(402): fatal error C1083: 无法打开包括文件: “stdio.h”: No such file or directory
  VCAN_OV7725_Wolf.c
D:\RenesasCup2017\Chip\inc\common.h(402): fatal error C1083: 无法打开包括文件: “stdio.h”: No such file or directory
  VCAN_SCCB.c
D:\RenesasCup2017\Chip\inc\common.h(402): fatal error C1083: 无法打开包括文件: “stdio.h”: No such file or directory
  misc.c
D:\RenesasCup2017\Chip\inc\common.h(402): fatal error C1083: 无法打开包括文件: “stdio.h”: No such file or directory
  MK60_adc.c
D:\RenesasCup2017\Chip\inc\common.h(402): fatal error C1083: 无法打开包括文件: “stdio.h”: No such file or directory
  MK60_can.c
D:\RenesasCup2017\Chip\inc\common.h(402): fatal error C1083: 无法打开包括文件: “stdio.h”: No such file or directory
  MK60_dac.c
D:\RenesasCup2017\Chip\inc\common.h(402): fatal error C1083: 无法打开包括文件: “stdio.h”: No such file or directory
  MK60_dma.c
D:\RenesasCup2017\Chip\inc\common.h(402): fatal error C1083: 无法打开包括文件: “stdio.h”: No such file or directory
  MK60_DWT.c
D:\RenesasCup2017\Chip\inc\common.h(402): fatal error C1083: 无法打开包括文件: “stdio.h”: No such file or directory
  MK60_flash.c
d:\renesascup2017\chip\inc\common.h(402): fatal error C1083: 无法打开包括文件: “stdio.h”: No such file or directory
  MK60_flexbus.c
D:\RenesasCup2017\Chip\inc\common.h(402): fatal error C1083: 无法打开包括文件: “stdio.h”: No such file or directory
  MK60_ftm.c
D:\RenesasCup2017\Chip\inc\common.h(402): fatal error C1083: 无法打开包括文件: “stdio.h”: No such file or directory
  MK60_gpio.c
D:\RenesasCup2017\Chip\inc\common.h(402): fatal error C1083: 无法打开包括文件: “stdio.h”: No such file or directory
  MK60_lptmr.c
D:\RenesasCup2017\Chip\inc\common.h(402): fatal error C1083: 无法打开包括文件: “stdio.h”: No such file or directory
  MK60_mcg.c
D:\RenesasCup2017\Chip\inc\common.h(402): fatal error C1083: 无法打开包括文件: “stdio.h”: No such file or directory
  MK60_PIT.c
D:\RenesasCup2017\Chip\inc\common.h(402): fatal error C1083: 无法打开包括文件: “stdio.h”: No such file or directory
  MK60_port.c
D:\RenesasCup2017\Chip\inc\common.h(402): fatal error C1083: 无法打开包括文件: “stdio.h”: No such file or directory
  MK60_rtc.c
D:\RenesasCup2017\Chip\inc\common.h(402): fatal error C1083: 无法打开包括文件: “stdio.h”: No such file or directory
  MK60_spi.c
D:\RenesasCup2017\Chip\inc\common.h(402): fatal error C1083: 无法打开包括文件: “stdio.h”: No such file or directory
  正在生成代码...
  正在编译...
  MK60_SysTick.c
D:\RenesasCup2017\Chip\inc\common.h(402): fatal error C1083: 无法打开包括文件: “stdio.h”: No such file or directory
  MK60_uart.c
D:\RenesasCup2017\Chip\inc\common.h(402): fatal error C1083: 无法打开包括文件: “stdio.h”: No such file or directory
  MK60_wdog.c
D:\RenesasCup2017\Chip\inc\common.h(402): fatal error C1083: 无法打开包括文件: “stdio.h”: No such file or directory
  system_MK60DZ10.c
D:\RenesasCup2017\Chip\inc\common.h(402): fatal error C1083: 无法打开包括文件: “stdio.h”: No such file or directory
  vectors.c
D:\RenesasCup2017\Chip\inc\common.h(402): fatal error C1083: 无法打开包括文件: “stdio.h”: No such file or directory
  diskio.c
D:\RenesasCup2017\Chip\inc\common.h(402): fatal error C1083: 无法打开包括文件: “stdio.h”: No such file or directory
  ff.c
d:\renesascup2017\lib\fatfs\integer.h(10): fatal error C1083: 无法打开包括文件: “windows.h”: No such file or directory
  Font4x6_ASCII.c
D:\RenesasCup2017\Chip\inc\common.h(402): fatal error C1083: 无法打开包括文件: “stdio.h”: No such file or directory
  Font6x8_ASCII.c
D:\RenesasCup2017\Chip\inc\common.h(402): fatal error C1083: 无法打开包括文件: “stdio.h”: No such file or directory
  Font8x10_ASCII.c
D:\RenesasCup2017\Chip\inc\common.h(402): fatal error C1083: 无法打开包括文件: “stdio.h”: No such file or directory
  Font8x8_ASCII.c
D:\RenesasCup2017\Chip\inc\common.h(402): fatal error C1083: 无法打开包括文件: “stdio.h”: No such file or directory
  SOLGUI_Common.c
D:\RenesasCup2017\Chip\inc\common.h(402): fatal error C1083: 无法打开包括文件: “stdio.h”: No such file or directory
  SOLGUI_GBasic.c
D:\RenesasCup2017\Chip\inc\common.h(402): fatal error C1083: 无法打开包括文件: “stdio.h”: No such file or directory
  SOLGUI_Hardware.c
D:\RenesasCup2017\Chip\inc\common.h(402): fatal error C1083: 无法打开包括文件: “stdio.h”: No such file or directory
  SOLGUI_Menu.c
D:\RenesasCup2017\Chip\inc\common.h(402): fatal error C1083: 无法打开包括文件: “stdio.h”: No such file or directory
  SOLGUI_Picture.c
D:\RenesasCup2017\Chip\inc\common.h(402): fatal error C1083: 无法打开包括文件: “stdio.h”: No such file or directory
  SOLGUI_Printf.c
D:\RenesasCup2017\Chip\inc\common.h(402): fatal error C1083: 无法打开包括文件: “stdio.h”: No such file or directory
  SOLGUI_Widget.c
D:\RenesasCup2017\Chip\inc\common.h(402): fatal error C1083: 无法打开包括文件: “stdio.h”: No such file or directory
  正在生成代码...
